#
# A fatal error has been detected by the Java Runtime Environment:
#
#  EXCEPTION_ACCESS_VIOLATION (0xc0000005) at pc=0x000007fe45eb531a, pid=2684, tid=3004
#
# JRE version: 7.0_07-b11
# Java VM: Java HotSpot(TM) 64-Bit Server VM (23.3-b01 mixed mode windows-amd64 compressed oops)
# Problematic frame:
# C  [OpenNI64.dll+0x1531a]  xnSetSkeletonProfile+0xa
#
# Failed to write core dump. Minidumps are not enabled by default on client versions of Windows
#
# If you would like to submit a bug report, please visit:
#   http://bugreport.sun.com/bugreport/crash.jsp
# The crash happened outside the Java Virtual Machine in native code.
# See problematic frame for where to report the bug.
#

---------------  T H R E A D  ---------------

Current thread (0x0000000008ecb000):  JavaThread "Animation Thread" [_thread_in_native, id=3004, stack(0x000000000a420000,0x000000000a520000)]

siginfo: ExceptionCode=0xc0000005, reading address 0x0000000000000000

Registers:
RAX=0x000000000a51eba0, RBX=0x00000000cc603478, RCX=0x0000000000000000, RDX=0x0000000000000002
RSP=0x000000000a51eb40, RBP=0x0000000000000002, RSI=0x0000000000000001, RDI=0x000000000a580080
R8 =0x0000000008f0de70, R9 =0x0000000008f443a0, R10=0x0000000008edf750, R11=0x000007fe4ea96980
R12=0x0000000000000000, R13=0x00000000cc603478, R14=0x000000000a51ed20, R15=0x0000000008ecb000
RIP=0x000007fe45eb531a, EFLAGS=0x0000000000010202

Top of Stack: (sp=0x000000000a51eb40)
0x000000000a51eb40:   00000000cc603478 0000000000000001
0x000000000a51eb50:   0000000000000000 000000000a51ec60
0x000000000a51eb60:   000000000a580080 000007fe45f3ff6d
0x000000000a51eb70:   0000000000000000 00000000cc603478
0x000000000a51eb80:   000000000a51ed20 0000000008f0db90
0x000000000a51eb90:   0000000000000000 0000000008ecb000
0x000000000a51eba0:   0000000000000000 0000000000000000
0x000000000a51ebb0:   0000000008ecb000 000000000a51ed20
0x000000000a51ebc0:   00000000cc603478 0000000000000000
0x000000000a51ebd0:   0000000008ecb000 00000000cc64b040
0x000000000a51ebe0:   0000000008eb15a0 000000006c60dc66
0x000000000a51ebf0:   000000000a51f178 0000000008da87e0
0x000000000a51ec00:   0000000008da8bb8 0000000008da97c8
0x000000000a51ec10:   00000000cc64b040 00000000022663d3
0x000000000a51ec20:   00000000cc603478 0000000002272215
0x000000000a51ec30:   0000000008ecb000 0000000008ecb000 

Instructions: (pc=0x000007fe45eb531a)
0x000007fe45eb52fa:   09 41 8b d1 49 8b c8 48 ff e0 33 c0 c3 cc cc cc
0x000007fe45eb530a:   cc cc cc cc cc cc 48 89 5c 24 10 57 48 83 ec 20
0x000007fe45eb531a:   48 8b 01 8b fa 48 8b d9 83 78 10 00 76 62 48 8b
0x000007fe45eb532a:   40 08 44 8b 00 41 c1 e8 19 41 83 e0 01 74 51 83 


Register to memory mapping:

RAX=0x000000000a51eba0 is pointing into the stack for thread: 0x0000000008ecb000
RBX=0x00000000cc603478 is an oop
{method} 
 - klass: {other class}
RCX=0x0000000000000000 is an unknown value
RDX=0x0000000000000002 is an unknown value
RSP=0x000000000a51eb40 is pointing into the stack for thread: 0x0000000008ecb000
RBP=0x0000000000000002 is an unknown value
RSI=0x0000000000000001 is an unknown value
RDI=0x000000000a580080 is an unknown value
R8 =0x0000000008f0de70 is an unknown value
R9 =0x0000000008f443a0 is an unknown value
R10=0x0000000008edf750 is an unknown value
R11=0x000007fe4ea96980 is an unknown value
R12=0x0000000000000000 is an unknown value
R13=0x00000000cc603478 is an oop
{method} 
 - klass: {other class}
R14=0x000000000a51ed20 is pointing into the stack for thread: 0x0000000008ecb000
R15=0x0000000008ecb000 is a thread


Stack: [0x000000000a420000,0x000000000a520000],  sp=0x000000000a51eb40,  free space=1018k
Native frames: (J=compiled Java code, j=interpreted, Vv=VM code, C=native code)
C  [OpenNI64.dll+0x1531a]  xnSetSkeletonProfile+0xa

Java frames: (J=compiled Java code, j=interpreted, Vv=VM code)
j  SimpleOpenNI.SimpleOpenNIJNI.ContextWrapper_enableUserSwigExplicitContextWrapper(JLSimpleOpenNI/ContextWrapper;I)Z+0
j  SimpleOpenNI.ContextWrapper.enableUser(I)Z+28
j  SimpleOpenNI.SimpleOpenNI.enableUser(ILjava/lang/Object;)Z+17
j  pruebascuerpohumano.PruebaCuerpoHumano.setup()V+41
j  processing.core.PApplet.handleDraw()V+172
j  processing.core.PGraphicsJava2D.requestDraw()V+4
j  processing.core.PApplet.run()V+132
j  java.lang.Thread.run()V+11
v  ~StubRoutines::call_stub

---------------  P R O C E S S  ---------------

Java Threads: ( => current thread )
=>0x0000000008ecb000 JavaThread "Animation Thread" [_thread_in_native, id=3004, stack(0x000000000a420000,0x000000000a520000)]
  0x0000000008ebb800 JavaThread "Image Fetcher 0" daemon [_thread_blocked, id=4948, stack(0x000000000a040000,0x000000000a140000)]
  0x0000000008e86800 JavaThread "AWT-EventQueue-0" [_thread_blocked, id=4956, stack(0x0000000009a30000,0x0000000009b30000)]
  0x0000000008df3800 JavaThread "AWT-Windows" daemon [_thread_in_native, id=2644, stack(0x0000000009710000,0x0000000009810000)]
  0x0000000008df3000 JavaThread "AWT-Shutdown" [_thread_blocked, id=3412, stack(0x0000000009610000,0x0000000009710000)]
  0x0000000008df2000 JavaThread "Java2D Disposer" daemon [_thread_blocked, id=2608, stack(0x0000000009510000,0x0000000009610000)]
  0x00000000079ae800 JavaThread "Service Thread" daemon [_thread_blocked, id=4952, stack(0x0000000008b30000,0x0000000008c30000)]
  0x00000000079a4000 JavaThread "C2 CompilerThread1" daemon [_thread_blocked, id=3348, stack(0x0000000008a30000,0x0000000008b30000)]
  0x000000000799b800 JavaThread "C2 CompilerThread0" daemon [_thread_blocked, id=2616, stack(0x0000000008930000,0x0000000008a30000)]
  0x0000000007999800 JavaThread "Attach Listener" daemon [_thread_blocked, id=3784, stack(0x0000000008830000,0x0000000008930000)]
  0x0000000007996000 JavaThread "Signal Dispatcher" daemon [_thread_blocked, id=2420, stack(0x0000000008730000,0x0000000008830000)]
  0x0000000007930000 JavaThread "Finalizer" daemon [_thread_blocked, id=4820, stack(0x0000000008630000,0x0000000008730000)]
  0x0000000007928000 JavaThread "Reference Handler" daemon [_thread_blocked, id=3052, stack(0x0000000008530000,0x0000000008630000)]
  0x000000000202e000 JavaThread "main" [_thread_blocked, id=3408, stack(0x0000000002030000,0x0000000002130000)]

Other Threads:
  0x0000000007920000 VMThread [stack: 0x0000000008430000,0x0000000008530000] [id=3656]
  0x00000000079b7800 WatcherThread [stack: 0x0000000008c30000,0x0000000008d30000] [id=3732]

VM state:not at safepoint (normal execution)

VM Mutex/Monitor currently owned by a thread: None

Heap
 PSYoungGen      total 14016K, used 4668K [0x00000000f0560000, 0x00000000f1500000, 0x0000000100000000)
  eden space 12032K, 38% used [0x00000000f0560000,0x00000000f09ef188,0x00000000f1120000)
  from space 1984K, 0% used [0x00000000f1310000,0x00000000f1310000,0x00000000f1500000)
  to   space 1984K, 0% used [0x00000000f1120000,0x00000000f1120000,0x00000000f1310000)
 ParOldGen       total 32064K, used 0K [0x00000000d1000000, 0x00000000d2f50000, 0x00000000f0560000)
  object space 32064K, 0% used [0x00000000d1000000,0x00000000d1000000,0x00000000d2f50000)
 PSPermGen       total 21248K, used 8498K [0x00000000cbe00000, 0x00000000cd2c0000, 0x00000000d1000000)
  object space 21248K, 39% used [0x00000000cbe00000,0x00000000cc64cbd0,0x00000000cd2c0000)

Card table byte_map: [0x0000000005320000,0x00000000054d0000] byte_map_base: 0x0000000004cc1000

Polling page: 0x0000000002130000

Code Cache  [0x0000000002260000, 0x00000000024d0000, 0x0000000005260000)
 total_blobs=459 nmethods=9 adapters=402 free_code_cache=48618Kb largest_free_block=49762304

Compilation events (10 events):
Event: 0.413 Thread 0x000000000799b800    5             java.util.Arrays::binarySearch0 (95 bytes)
Event: 0.414 Thread 0x00000000079a4000    6             sun.java2d.loops.GraphicsPrimitiveMgr$2::compare (39 bytes)
Event: 0.415 Thread 0x00000000079a4000 nmethod 6 0x00000000022dbe90 code [0x00000000022dbfe0, 0x00000000022dc0b8]
Event: 0.416 Thread 0x000000000799b800 nmethod 5 0x00000000022da490 code [0x00000000022da5e0, 0x00000000022da798]
Event: 0.700 Thread 0x00000000079a4000    7             java.lang.reflect.Method::getName (5 bytes)
Event: 0.700 Thread 0x000000000799b800    8             java.lang.Class::searchMethods (90 bytes)
Event: 0.701 Thread 0x00000000079a4000 nmethod 7 0x00000000022e7dd0 code [0x00000000022e7f00, 0x00000000022e7f58]
Event: 0.701 Thread 0x00000000079a4000    9             java.lang.Object::<init> (1 bytes)
Event: 0.702 Thread 0x00000000079a4000 nmethod 9 0x00000000022e6690 code [0x00000000022e67c0, 0x00000000022e6838]
Event: 0.704 Thread 0x000000000799b800 nmethod 8 0x00000000022e7910 code [0x00000000022e7a60, 0x00000000022e7c08]

GC Heap History (0 events):
No events

Deoptimization events (0 events):
No events

Internal exceptions (10 events):
Event: 0.465 Thread 0x000000000202e000 Threw 0x00000000f08b05d8 at C:\jdk7u1_64p\jdk7u7\hotspot\src\share\vm\prims\jvm.cpp:1166
Event: 0.487 Thread 0x000000000202e000 Threw 0x00000000f08f8b90 at C:\jdk7u1_64p\jdk7u7\hotspot\src\share\vm\prims\jvm.cpp:1166
Event: 0.489 Thread 0x0000000008ecb000 Threw 0x00000000f0909938 at C:\jdk7u1_64p\jdk7u7\hotspot\src\share\vm\prims\jvm.cpp:1166
Event: 0.491 Thread 0x0000000008ecb000 Threw 0x00000000f09205a0 at C:\jdk7u1_64p\jdk7u7\hotspot\src\share\vm\prims\jvm.cpp:1166
Event: 0.492 Thread 0x0000000008ecb000 Threw 0x00000000f0925da0 at C:\jdk7u1_64p\jdk7u7\hotspot\src\share\vm\prims\jvm.cpp:1166
Event: 0.647 Thread 0x0000000008ecb000 Threw 0x00000000f093c908 at C:\jdk7u1_64p\jdk7u7\hotspot\src\share\vm\prims\jvm.cpp:1166
Event: 0.666 Thread 0x0000000008ecb000 Threw 0x00000000f09433a8 at C:\jdk7u1_64p\jdk7u7\hotspot\src\share\vm\prims\jvm.cpp:1166
Event: 0.668 Thread 0x0000000008ecb000 Threw 0x00000000f0978920 at C:\jdk7u1_64p\jdk7u7\hotspot\src\share\vm\prims\jvm.cpp:1166
Event: 0.669 Thread 0x0000000008ecb000 Threw 0x00000000f097bfb8 at C:\jdk7u1_64p\jdk7u7\hotspot\src\share\vm\prims\jvm.cpp:1166
Event: 2.151 Thread 0x0000000008ecb000 Threw 0x00000000f09ad708 at C:\jdk7u1_64p\jdk7u7\hotspot\src\share\vm\prims\jvm.cpp:1166

Events (10 events):
Event: 0.698 loading class 0x0000000008dfe9c0
Event: 0.698 loading class 0x0000000008dfe9c0 done
Event: 0.698 loading class 0x0000000007a74580
Event: 0.698 loading class 0x0000000008f2a170
Event: 0.699 loading class 0x0000000008f2a170 done
Event: 0.699 loading class 0x0000000007a74580 done
Event: 0.699 loading class 0x0000000007a0bac0
Event: 0.699 loading class 0x0000000007a0bac0 done
Event: 2.151 loading class 0x0000000008ded7e0
Event: 2.151 loading class 0x0000000008ded7e0 done


Dynamic libraries:
0x000007f7b2600000 - 0x000007f7b2633000 	C:\Program Files\Java\jdk1.7.0_07\bin\java.exe
0x000007fe4ea20000 - 0x000007fe4ebde000 	C:\Windows\SYSTEM32\ntdll.dll
0x000007fe4e790000 - 0x000007fe4e8c6000 	C:\Windows\system32\KERNEL32.DLL
0x000007fe4bd90000 - 0x000007fe4be83000 	C:\Windows\system32\KERNELBASE.dll
0x000007fe4d220000 - 0x000007fe4d2fe000 	C:\Windows\system32\ADVAPI32.dll
0x000007fe4c250000 - 0x000007fe4c39c000 	C:\Windows\system32\USER32.dll
0x000007fe496a0000 - 0x000007fe49909000 	C:\Windows\WinSxS\amd64_microsoft.windows.common-controls_6595b64144ccf1df_6.0.9200.16384_none_418c2a697189c07f\COMCTL32.dll
0x000007fe4e970000 - 0x000007fe4ea15000 	C:\Windows\system32\msvcrt.dll
0x000007fe4cc80000 - 0x000007fe4ccc8000 	C:\Windows\SYSTEM32\sechost.dll
0x000007fe4c3a0000 - 0x000007fe4c4e0000 	C:\Windows\system32\RPCRT4.dll
0x000007fe4c590000 - 0x000007fe4c6d0000 	C:\Windows\system32\GDI32.dll
0x000007fe4c4e0000 - 0x000007fe4c519000 	C:\Windows\system32\IMM32.DLL
0x000007fe4bf00000 - 0x000007fe4c014000 	C:\Windows\system32\MSCTF.dll
0x000000006c4b0000 - 0x000000006c581000 	C:\Program Files\Java\jdk1.7.0_07\jre\bin\msvcr100.dll
0x000000006c590000 - 0x000000006ccaf000 	C:\Program Files\Java\jdk1.7.0_07\jre\bin\server\jvm.dll
0x000007fe2a810000 - 0x000007fe2a819000 	C:\Windows\SYSTEM32\WSOCK32.dll
0x000007fe461d0000 - 0x000007fe461f0000 	C:\Windows\SYSTEM32\WINMM.dll
0x000007fe4c520000 - 0x000007fe4c527000 	C:\Windows\system32\PSAPI.DLL
0x000007fe4c530000 - 0x000007fe4c588000 	C:\Windows\system32\WS2_32.dll
0x000007fe46190000 - 0x000007fe461c2000 	C:\Windows\SYSTEM32\WINMMBASE.dll
0x000007fe4c020000 - 0x000007fe4c029000 	C:\Windows\system32\NSI.dll
0x000000006c460000 - 0x000000006c46f000 	C:\Program Files\Java\jdk1.7.0_07\jre\bin\verify.dll
0x000000006c430000 - 0x000000006c458000 	C:\Program Files\Java\jdk1.7.0_07\jre\bin\java.dll
0x000000006c410000 - 0x000000006c425000 	C:\Program Files\Java\jdk1.7.0_07\jre\bin\zip.dll
0x000000006c230000 - 0x000000006c3c3000 	C:\Program Files\Java\jdk1.7.0_07\jre\bin\awt.dll
0x000007fe4e6c0000 - 0x000007fe4e783000 	C:\Windows\system32\OLEAUT32.dll
0x000007fe4c030000 - 0x000007fe4c1e0000 	C:\Windows\system32\combase.dll
0x000007fe46250000 - 0x000007fe462ef000 	C:\Windows\system32\apphelp.dll
0x000007fe4a7e0000 - 0x000007fe4a8c3000 	C:\Windows\system32\uxtheme.dll
0x000007fe49c10000 - 0x000007fe49c31000 	C:\Windows\SYSTEM32\dwmapi.dll
0x000007fe4ccd0000 - 0x000007fe4ce4e000 	C:\Windows\system32\ole32.dll
0x000007fe4b790000 - 0x000007fe4b79a000 	C:\Windows\SYSTEM32\CRYPTBASE.dll
0x000007fe4b730000 - 0x000007fe4b78c000 	C:\Windows\SYSTEM32\bcryptPrimitives.dll
0x000000006c1f0000 - 0x000000006c224000 	C:\Program Files\Java\jdk1.7.0_07\jre\bin\fontmanager.dll
0x000007fe45f10000 - 0x000007fe45f93000 	C:\Users\Andrea\Documents\Processing\libraries\SimpleOpenNI\library\SimpleOpenNI64.dll
0x000007fe45ea0000 - 0x000007fe45f09000 	C:\Program Files\OpenNI\Bin64\OpenNI64.dll
0x000007fe43640000 - 0x000007fe43752000 	C:\Program Files\PrimeSense\NITE\bin64\XnVNITE64_1_5_2.dll
0x000000006cd60000 - 0x000000006ce33000 	C:\Windows\WinSxS\amd64_microsoft.vc90.crt_1fc8b3b9a1e18e3b_9.0.30729.6871_none_08e717a5a83adddf\MSVCP90.dll
0x000000006ccb0000 - 0x000000006cd53000 	C:\Windows\WinSxS\amd64_microsoft.vc90.crt_1fc8b3b9a1e18e3b_9.0.30729.6871_none_08e717a5a83adddf\MSVCR90.dll
0x000007fe4cab0000 - 0x000007fe4cc80000 	C:\Windows\system32\SETUPAPI.dll
0x000007fe4d3d0000 - 0x000007fe4e6b4000 	C:\Windows\system32\SHELL32.dll
0x000007fe4bc90000 - 0x000007fe4bcdf000 	C:\Windows\system32\CFGMGR32.dll
0x000007fe4bc60000 - 0x000007fe4bc82000 	C:\Windows\system32\DEVOBJ.dll
0x000007fe4ca60000 - 0x000007fe4cab0000 	C:\Windows\system32\SHLWAPI.dll
0x000007fe48450000 - 0x000007fe4846c000 	C:\Program Files\OpenNI\bin64\nimRecorder64.dll
0x000007fe48430000 - 0x000007fe48450000 	C:\Program Files\OpenNI\bin64\nimMockNodes64.dll
0x000007fe470d0000 - 0x000007fe47124000 	C:\Program Files\OpenNI\bin64\nimCodecs64.dll
0x000007fe3d9a0000 - 0x000007fe3dc61000 	C:\Program Files\PrimeSense\NITE\Features_1_3_1\Bin64\XnVFeatures64_1_3_1.dll
0x000007fe3d5f0000 - 0x000007fe3d994000 	C:\Program Files\PrimeSense\NITE\Features_1_4_1\Bin64\XnVFeatures64_1_4_1.dll
0x000007fe3d250000 - 0x000007fe3d5ea000 	C:\Program Files\PrimeSense\NITE\Features_1_4_2\Bin64\XnVFeatures64_1_4_2.dll
0x000007fe3cea0000 - 0x000007fe3d24f000 	C:\Program Files\PrimeSense\NITE\Features_1_5_2\Bin64\XnVFeatures64_1_5_2.dll
0x000007fe41e90000 - 0x000007fe41fb1000 	C:\Program Files\PrimeSense\NITE\Hands_1_3_1\Bin64\XnVHandGenerator64_1_3_1.dll
0x000007fe39ea0000 - 0x000007fe39fc4000 	C:\Program Files\PrimeSense\NITE\Hands_1_4_1\Bin64\XnVHandGenerator64_1_4_1.dll
0x000007fe41ab0000 - 0x000007fe41bca000 	C:\Program Files\PrimeSense\NITE\Hands_1_4_2\Bin64\XnVHandGenerator64_1_4_2.dll
0x000007fe38e70000 - 0x000007fe38f9c000 	C:\Program Files\PrimeSense\NITE\Hands_1_5_2\Bin64\XnVHandGenerator64_1_5_2.dll
0x000007fe47e00000 - 0x000007fe47e39000 	C:\Program Files\PrimeSense\Sensor\Bin64\XnDeviceFile64.dll
0x000007fe49bc0000 - 0x000007fe49bcd000 	C:\Program Files\PrimeSense\Sensor\Bin64\XnCore64.dll
0x000007fe432c0000 - 0x000007fe43368000 	C:\Program Files\PrimeSense\Sensor\Bin64\XnDDK64.dll
0x000007fe45aa0000 - 0x000007fe45b04000 	C:\Program Files\PrimeSense\Sensor\Bin64\XnFormats64.dll
0x000007fe3cde0000 - 0x000007fe3ce96000 	C:\Program Files\PrimeSense\Sensor\Bin64\XnDeviceSensorV264.dll
0x000007fe44510000 - 0x000007fe44537000 	C:\Program Files\PrimeSense\SensorKinect\Bin64\XnDeviceFile64.dll
0x000007fe44240000 - 0x000007fe442a5000 	C:\Program Files\PrimeSense\SensorKinect\Bin64\XnDeviceSensorV2KM64.dll
0x000007fe4ba20000 - 0x000007fe4ba75000 	C:\Windows\system32\WINTRUST.dll
0x000007fe4ba80000 - 0x000007fe4bc57000 	C:\Windows\system32\CRYPT32.dll
0x000007fe4ba00000 - 0x000007fe4ba16000 	C:\Windows\system32\MSASN1.dll
0x000007fe2a910000 - 0x000007fe2aa73000 	C:\Windows\SYSTEM32\dbghelp.dll

VM Arguments:
jvm_args: -Dfile.encoding=UTF-8 -Djava.library.path=C:\Users\Andrea\Documents\Processing\libraries\SimpleOpenNI\library 
java_command: pruebascuerpohumano.RunCuerpoHumano
Launcher Type: SUN_STANDARD

Environment Variables:
CLASSPATH=;;C:\Program Files\OpenNI\Bin64\org.OpenNI.jar
PATH=C:\Windows\system32;C:\Windows;C:\Windows\System32\Wbem;C:\Windows\System32\WindowsPowerShell\v1.0\;C:\Program Files\Microsoft\Web Platform Installer\;C:\Program Files (x86)\Microsoft ASP.NET\ASP.NET Web Pages\v1.0\;C:\Program Files (x86)\Windows Kits\8.0\Windows Performance Toolkit\;C:\Program Files\Microsoft SQL Server\110\Tools\Binn\;;;C:\Program Files\PrimeSense\NITE\bin64;C:\Program Files (x86)\PrimeSense\NITE\bin;c:\Program Files (x86)\Microsoft SQL Server\100\Tools\Binn\;c:\Program Files\Microsoft SQL Server\100\Tools\Binn\;c:\Program Files\Microsoft SQL Server\100\DTS\Binn\;C:\Program Files (x86)\Windows Live\Shared;;;C:\Program Files\TortoiseGit\bin;C:\Program Files\OpenNI\Bin64
USERNAME=Andrea
OS=Windows_NT
PROCESSOR_IDENTIFIER=Intel64 Family 6 Model 23 Stepping 10, GenuineIntel



---------------  S Y S T E M  ---------------

OS: Windows 8 , 64 bit Build 9200 

CPU:total 2 (2 cores per cpu, 1 threads per core) family 6 model 23 stepping 10, cmov, cx8, fxsr, mmx, sse, sse2, sse3, ssse3, sse4.1, tsc

Memory: 4k page, physical 3072268k(267156k free), swap 7266572k(3484628k free)

vm_info: Java HotSpot(TM) 64-Bit Server VM (23.3-b01) for windows-amd64 JRE (1.7.0_07-b11), built on Sep  7 2012 01:19:25 by "java_re" with unknown MS VC++:1600

time: Thu Nov 08 20:50:34 2012
elapsed time: 2 seconds

